Arguments: 
  /home/weslleyfratini/.nvm/versions/node/v18.8.0/bin/node /home/weslleyfratini/.yarn/bin/yarn.js add @typescript tsx -D

PATH: 
  /home/weslleyfratini/.yarn/bin:/home/weslleyfratini/.config/yarn/global/node_modules/.bin:/home/weslleyfratini/.pyenv/shims:/home/weslleyfratini/.pyenv/bin:/home/weslleyfratini/.yarn/bin:/home/weslleyfratini/.config/yarn/global/node_modules/.bin:/home/weslleyfratini/.nvm/versions/node/v18.8.0/bin:/home/weslleyfratini/.pyenv/bin:/home/weslleyfratini/.pyenv/bin:/usr/local/sbin:/usr/local/bin:/usr/sbin:/usr/bin:/sbin:/bin:/usr/games:/usr/local/games:/snap/bin:/snap/bin

Yarn version: 
  1.22.19

Node version: 
  18.8.0

Platform: 
  linux x64

Trace: 
  Error: https://registry.yarnpkg.com/@typescript: Request "https://registry.yarnpkg.com/@typescript" returned a 405
      at params.callback [as _callback] (/home/weslleyfratini/.yarn/lib/cli.js:66154:18)
      at self.callback (/home/weslleyfratini/.yarn/lib/cli.js:140890:22)
      at Request.emit (node:events:513:28)
      at Request.<anonymous> (/home/weslleyfratini/.yarn/lib/cli.js:141862:10)
      at Request.emit (node:events:513:28)
      at IncomingMessage.<anonymous> (/home/weslleyfratini/.yarn/lib/cli.js:141784:12)
      at Object.onceWrapper (node:events:627:28)
      at IncomingMessage.emit (node:events:525:35)
      at endReadableNT (node:internal/streams/readable:1359:12)
      at process.processTicksAndRejections (node:internal/process/task_queues:82:21)

npm manifest: 
  {
    "name": "trpc-api",
    "version": "1.0.0",
    "main": "index.js",
    "license": "MIT"
  }

yarn manifest: 
  No manifest

Lockfile: 
  No lockfile
